<?xml version="1.0" encoding="UTF-8"?>
<!-- Generated by org.testng.reporters.JUnitReportReporter -->
<testsuite hostname="DESKTOP-RQ8FSHG" failures="0" tests="2" name="test.LandingValidation_Amazon" time="0.259" errors="0" timestamp="2023-04-30T14:59:12 EDT" skipped="0">
  <testcase classname="test.LandingValidation_Amazon" name="ValidateTitle" time="0.172"/>
  <system-out/>
  <testcase classname="test.LandingValidation_Amazon" name="ValidateUrl" time="0.087"/>
  <system-out/>
</testsuite> <!-- test.LandingValidation_Amazon -->
